<?xml version="1.0" encoding="UTF-8"?>
<?xml-stylesheet href="bootstrap2.xsl" type="text/xsl"?>
<note>
  <url>test.xml</url>
  <to>Tove</to>
  <from>Jani</from>
  <heading>Reminder</heading>
  <body>Don't forget me this weekend!</body>
</note>